
**** Build of configuration Debug for project 011_adc_startOfCon ****

"C:\\ti\\ccs1200\\ccs\\utils\\bin\\gmake" -k all 
 
Building file: "../Example_2806xAdcSoc.c"
Invoking: C2000 Compiler
"C:/ti/ccs1200/ccs/tools/compiler/ti-cgt-c2000_22.6.0.LTS/bin/cl2000" -v28 -ml -mt --cla_support=cla0 --float_support=fpu32 --vcu_support=vcu0 --include_path="C:/ti/ccs1200/ccs/tools/compiler/ti-cgt-c2000_22.6.0.LTS/include" --include_path="C:/ti/c2000/C2000Ware_4_01_00_00/device_support/f2806x/common/include" --include_path="C:/ti/c2000/C2000Ware_4_01_00_00/device_support/f2806x/headers/include" --include_path="C:/ti/c2000/C2000Ware_4_01_00_00/device_support/f2806x/headers/include" --include_path="C:/ti/c2000/C2000Ware_4_01_00_00/device_support/f2806x/common/include" --include_path="C:/ti/c2000/C2000Ware_4_01_00_00/libraries/math/IQmath/c28/include" --include_path="C:/ti/c2000/C2000Ware_4_01_00_00/libraries/math/FPUfastRTS/c28/include" --define="_DEBUG" --define="LARGE_MODEL" -g --diag_suppress=10063 --diag_warning=225 --issue_remarks --verbose_diagnostics --quiet --preproc_with_compile --preproc_dependency="Example_2806xAdcSoc.d_raw"  "../Example_2806xAdcSoc.c"
Finished building: "../Example_2806xAdcSoc.c"
 
Building file: "C:/ti/c2000/C2000Ware_4_01_00_00/device_support/f2806x/common/source/F2806x_Adc.c"
Invoking: C2000 Compiler
"C:/ti/ccs1200/ccs/tools/compiler/ti-cgt-c2000_22.6.0.LTS/bin/cl2000" -v28 -ml -mt --cla_support=cla0 --float_support=fpu32 --vcu_support=vcu0 --include_path="C:/ti/ccs1200/ccs/tools/compiler/ti-cgt-c2000_22.6.0.LTS/include" --include_path="C:/ti/c2000/C2000Ware_4_01_00_00/device_support/f2806x/common/include" --include_path="C:/ti/c2000/C2000Ware_4_01_00_00/device_support/f2806x/headers/include" --include_path="C:/ti/c2000/C2000Ware_4_01_00_00/device_support/f2806x/headers/include" --include_path="C:/ti/c2000/C2000Ware_4_01_00_00/device_support/f2806x/common/include" --include_path="C:/ti/c2000/C2000Ware_4_01_00_00/libraries/math/IQmath/c28/include" --include_path="C:/ti/c2000/C2000Ware_4_01_00_00/libraries/math/FPUfastRTS/c28/include" --define="_DEBUG" --define="LARGE_MODEL" -g --diag_suppress=10063 --diag_warning=225 --issue_remarks --verbose_diagnostics --quiet --preproc_with_compile --preproc_dependency="F2806x_Adc.d_raw"  "C:/ti/c2000/C2000Ware_4_01_00_00/device_support/f2806x/common/source/F2806x_Adc.c"
Finished building: "C:/ti/c2000/C2000Ware_4_01_00_00/device_support/f2806x/common/source/F2806x_Adc.c"
 
Building file: "C:/ti/c2000/C2000Ware_4_01_00_00/device_support/f2806x/common/source/F2806x_CodeStartBranch.asm"
Invoking: C2000 Compiler
"C:/ti/ccs1200/ccs/tools/compiler/ti-cgt-c2000_22.6.0.LTS/bin/cl2000" -v28 -ml -mt --cla_support=cla0 --float_support=fpu32 --vcu_support=vcu0 --include_path="C:/ti/ccs1200/ccs/tools/compiler/ti-cgt-c2000_22.6.0.LTS/include" --include_path="C:/ti/c2000/C2000Ware_4_01_00_00/device_support/f2806x/common/include" --include_path="C:/ti/c2000/C2000Ware_4_01_00_00/device_support/f2806x/headers/include" --include_path="C:/ti/c2000/C2000Ware_4_01_00_00/device_support/f2806x/headers/include" --include_path="C:/ti/c2000/C2000Ware_4_01_00_00/device_support/f2806x/common/include" --include_path="C:/ti/c2000/C2000Ware_4_01_00_00/libraries/math/IQmath/c28/include" --include_path="C:/ti/c2000/C2000Ware_4_01_00_00/libraries/math/FPUfastRTS/c28/include" --define="_DEBUG" --define="LARGE_MODEL" -g --diag_suppress=10063 --diag_warning=225 --issue_remarks --verbose_diagnostics --quiet --preproc_with_compile --preproc_dependency="F2806x_CodeStartBranch.d_raw"  "C:/ti/c2000/C2000Ware_4_01_00_00/device_support/f2806x/common/source/F2806x_CodeStartBranch.asm"
Finished building: "C:/ti/c2000/C2000Ware_4_01_00_00/device_support/f2806x/common/source/F2806x_CodeStartBranch.asm"
 
Building file: "C:/ti/c2000/C2000Ware_4_01_00_00/device_support/f2806x/common/source/F2806x_DefaultIsr.c"
Invoking: C2000 Compiler
"C:/ti/ccs1200/ccs/tools/compiler/ti-cgt-c2000_22.6.0.LTS/bin/cl2000" -v28 -ml -mt --cla_support=cla0 --float_support=fpu32 --vcu_support=vcu0 --include_path="C:/ti/ccs1200/ccs/tools/compiler/ti-cgt-c2000_22.6.0.LTS/include" --include_path="C:/ti/c2000/C2000Ware_4_01_00_00/device_support/f2806x/common/include" --include_path="C:/ti/c2000/C2000Ware_4_01_00_00/device_support/f2806x/headers/include" --include_path="C:/ti/c2000/C2000Ware_4_01_00_00/device_support/f2806x/headers/include" --include_path="C:/ti/c2000/C2000Ware_4_01_00_00/device_support/f2806x/common/include" --include_path="C:/ti/c2000/C2000Ware_4_01_00_00/libraries/math/IQmath/c28/include" --include_path="C:/ti/c2000/C2000Ware_4_01_00_00/libraries/math/FPUfastRTS/c28/include" --define="_DEBUG" --define="LARGE_MODEL" -g --diag_suppress=10063 --diag_warning=225 --issue_remarks --verbose_diagnostics --quiet --preproc_with_compile --preproc_dependency="F2806x_DefaultIsr.d_raw"  "C:/ti/c2000/C2000Ware_4_01_00_00/device_support/f2806x/common/source/F2806x_DefaultIsr.c"
Finished building: "C:/ti/c2000/C2000Ware_4_01_00_00/device_support/f2806x/common/source/F2806x_DefaultIsr.c"
 
Building file: "C:/ti/c2000/C2000Ware_4_01_00_00/device_support/f2806x/headers/source/F2806x_GlobalVariableDefs.c"
Invoking: C2000 Compiler
"C:/ti/ccs1200/ccs/tools/compiler/ti-cgt-c2000_22.6.0.LTS/bin/cl2000" -v28 -ml -mt --cla_support=cla0 --float_support=fpu32 --vcu_support=vcu0 --include_path="C:/ti/ccs1200/ccs/tools/compiler/ti-cgt-c2000_22.6.0.LTS/include" --include_path="C:/ti/c2000/C2000Ware_4_01_00_00/device_support/f2806x/common/include" --include_path="C:/ti/c2000/C2000Ware_4_01_00_00/device_support/f2806x/headers/include" --include_path="C:/ti/c2000/C2000Ware_4_01_00_00/device_support/f2806x/headers/include" --include_path="C:/ti/c2000/C2000Ware_4_01_00_00/device_support/f2806x/common/include" --include_path="C:/ti/c2000/C2000Ware_4_01_00_00/libraries/math/IQmath/c28/include" --include_path="C:/ti/c2000/C2000Ware_4_01_00_00/libraries/math/FPUfastRTS/c28/include" --define="_DEBUG" --define="LARGE_MODEL" -g --diag_suppress=10063 --diag_warning=225 --issue_remarks --verbose_diagnostics --quiet --preproc_with_compile --preproc_dependency="F2806x_GlobalVariableDefs.d_raw"  "C:/ti/c2000/C2000Ware_4_01_00_00/device_support/f2806x/headers/source/F2806x_GlobalVariableDefs.c"
Finished building: "C:/ti/c2000/C2000Ware_4_01_00_00/device_support/f2806x/headers/source/F2806x_GlobalVariableDefs.c"
 
Building file: "C:/ti/c2000/C2000Ware_4_01_00_00/device_support/f2806x/common/source/F2806x_PieCtrl.c"
Invoking: C2000 Compiler
"C:/ti/ccs1200/ccs/tools/compiler/ti-cgt-c2000_22.6.0.LTS/bin/cl2000" -v28 -ml -mt --cla_support=cla0 --float_support=fpu32 --vcu_support=vcu0 --include_path="C:/ti/ccs1200/ccs/tools/compiler/ti-cgt-c2000_22.6.0.LTS/include" --include_path="C:/ti/c2000/C2000Ware_4_01_00_00/device_support/f2806x/common/include" --include_path="C:/ti/c2000/C2000Ware_4_01_00_00/device_support/f2806x/headers/include" --include_path="C:/ti/c2000/C2000Ware_4_01_00_00/device_support/f2806x/headers/include" --include_path="C:/ti/c2000/C2000Ware_4_01_00_00/device_support/f2806x/common/include" --include_path="C:/ti/c2000/C2000Ware_4_01_00_00/libraries/math/IQmath/c28/include" --include_path="C:/ti/c2000/C2000Ware_4_01_00_00/libraries/math/FPUfastRTS/c28/include" --define="_DEBUG" --define="LARGE_MODEL" -g --diag_suppress=10063 --diag_warning=225 --issue_remarks --verbose_diagnostics --quiet --preproc_with_compile --preproc_dependency="F2806x_PieCtrl.d_raw"  "C:/ti/c2000/C2000Ware_4_01_00_00/device_support/f2806x/common/source/F2806x_PieCtrl.c"
Finished building: "C:/ti/c2000/C2000Ware_4_01_00_00/device_support/f2806x/common/source/F2806x_PieCtrl.c"
 
Building file: "C:/ti/c2000/C2000Ware_4_01_00_00/device_support/f2806x/common/source/F2806x_PieVect.c"
Invoking: C2000 Compiler
"C:/ti/ccs1200/ccs/tools/compiler/ti-cgt-c2000_22.6.0.LTS/bin/cl2000" -v28 -ml -mt --cla_support=cla0 --float_support=fpu32 --vcu_support=vcu0 --include_path="C:/ti/ccs1200/ccs/tools/compiler/ti-cgt-c2000_22.6.0.LTS/include" --include_path="C:/ti/c2000/C2000Ware_4_01_00_00/device_support/f2806x/common/include" --include_path="C:/ti/c2000/C2000Ware_4_01_00_00/device_support/f2806x/headers/include" --include_path="C:/ti/c2000/C2000Ware_4_01_00_00/device_support/f2806x/headers/include" --include_path="C:/ti/c2000/C2000Ware_4_01_00_00/device_support/f2806x/common/include" --include_path="C:/ti/c2000/C2000Ware_4_01_00_00/libraries/math/IQmath/c28/include" --include_path="C:/ti/c2000/C2000Ware_4_01_00_00/libraries/math/FPUfastRTS/c28/include" --define="_DEBUG" --define="LARGE_MODEL" -g --diag_suppress=10063 --diag_warning=225 --issue_remarks --verbose_diagnostics --quiet --preproc_with_compile --preproc_dependency="F2806x_PieVect.d_raw"  "C:/ti/c2000/C2000Ware_4_01_00_00/device_support/f2806x/common/source/F2806x_PieVect.c"
Finished building: "C:/ti/c2000/C2000Ware_4_01_00_00/device_support/f2806x/common/source/F2806x_PieVect.c"
 
Building file: "C:/ti/c2000/C2000Ware_4_01_00_00/device_support/f2806x/common/source/F2806x_SysCtrl.c"
Invoking: C2000 Compiler
"C:/ti/ccs1200/ccs/tools/compiler/ti-cgt-c2000_22.6.0.LTS/bin/cl2000" -v28 -ml -mt --cla_support=cla0 --float_support=fpu32 --vcu_support=vcu0 --include_path="C:/ti/ccs1200/ccs/tools/compiler/ti-cgt-c2000_22.6.0.LTS/include" --include_path="C:/ti/c2000/C2000Ware_4_01_00_00/device_support/f2806x/common/include" --include_path="C:/ti/c2000/C2000Ware_4_01_00_00/device_support/f2806x/headers/include" --include_path="C:/ti/c2000/C2000Ware_4_01_00_00/device_support/f2806x/headers/include" --include_path="C:/ti/c2000/C2000Ware_4_01_00_00/device_support/f2806x/common/include" --include_path="C:/ti/c2000/C2000Ware_4_01_00_00/libraries/math/IQmath/c28/include" --include_path="C:/ti/c2000/C2000Ware_4_01_00_00/libraries/math/FPUfastRTS/c28/include" --define="_DEBUG" --define="LARGE_MODEL" -g --diag_suppress=10063 --diag_warning=225 --issue_remarks --verbose_diagnostics --quiet --preproc_with_compile --preproc_dependency="F2806x_SysCtrl.d_raw"  "C:/ti/c2000/C2000Ware_4_01_00_00/device_support/f2806x/common/source/F2806x_SysCtrl.c"
Finished building: "C:/ti/c2000/C2000Ware_4_01_00_00/device_support/f2806x/common/source/F2806x_SysCtrl.c"
 
Building file: "C:/ti/c2000/C2000Ware_4_01_00_00/device_support/f2806x/common/source/F2806x_usDelay.asm"
Invoking: C2000 Compiler
"C:/ti/ccs1200/ccs/tools/compiler/ti-cgt-c2000_22.6.0.LTS/bin/cl2000" -v28 -ml -mt --cla_support=cla0 --float_support=fpu32 --vcu_support=vcu0 --include_path="C:/ti/ccs1200/ccs/tools/compiler/ti-cgt-c2000_22.6.0.LTS/include" --include_path="C:/ti/c2000/C2000Ware_4_01_00_00/device_support/f2806x/common/include" --include_path="C:/ti/c2000/C2000Ware_4_01_00_00/device_support/f2806x/headers/include" --include_path="C:/ti/c2000/C2000Ware_4_01_00_00/device_support/f2806x/headers/include" --include_path="C:/ti/c2000/C2000Ware_4_01_00_00/device_support/f2806x/common/include" --include_path="C:/ti/c2000/C2000Ware_4_01_00_00/libraries/math/IQmath/c28/include" --include_path="C:/ti/c2000/C2000Ware_4_01_00_00/libraries/math/FPUfastRTS/c28/include" --define="_DEBUG" --define="LARGE_MODEL" -g --diag_suppress=10063 --diag_warning=225 --issue_remarks --verbose_diagnostics --quiet --preproc_with_compile --preproc_dependency="F2806x_usDelay.d_raw"  "C:/ti/c2000/C2000Ware_4_01_00_00/device_support/f2806x/common/source/F2806x_usDelay.asm"
Finished building: "C:/ti/c2000/C2000Ware_4_01_00_00/device_support/f2806x/common/source/F2806x_usDelay.asm"
 
Building file: "C:/ti/c2000/C2000Ware_4_01_00_00/device_support/f2806x/common/source/F2806x_Adc.c"
Invoking: C2000 Compiler
"C:/ti/ccs1200/ccs/tools/compiler/ti-cgt-c2000_22.6.0.LTS/bin/cl2000" -v28 -ml -mt --cla_support=cla0 --float_support=fpu32 --vcu_support=vcu0 --include_path="C:/ti/ccs1200/ccs/tools/compiler/ti-cgt-c2000_22.6.0.LTS/include" --include_path="C:/ti/c2000/C2000Ware_4_01_00_00/device_support/f2806x/common/include" --include_path="C:/ti/c2000/C2000Ware_4_01_00_00/device_support/f2806x/headers/include" --include_path="C:/ti/c2000/C2000Ware_4_01_00_00/device_support/f2806x/headers/include" --include_path="C:/ti/c2000/C2000Ware_4_01_00_00/device_support/f2806x/common/include" --include_path="C:/ti/c2000/C2000Ware_4_01_00_00/libraries/math/IQmath/c28/include" --include_path="C:/ti/c2000/C2000Ware_4_01_00_00/libraries/math/FPUfastRTS/c28/include" --define="_DEBUG" --define="LARGE_MODEL" -g --diag_suppress=10063 --diag_warning=225 --issue_remarks --verbose_diagnostics --quiet --preproc_with_compile --preproc_dependency="include/common/source/F2806x_Adc.d_raw" --obj_directory="include/common/source"  "C:/ti/c2000/C2000Ware_4_01_00_00/device_support/f2806x/common/source/F2806x_Adc.c"
Finished building: "C:/ti/c2000/C2000Ware_4_01_00_00/device_support/f2806x/common/source/F2806x_Adc.c"
 
Building file: "C:/ti/c2000/C2000Ware_4_01_00_00/device_support/f2806x/common/source/F2806x_CSMPasswords.asm"
Invoking: C2000 Compiler
"C:/ti/ccs1200/ccs/tools/compiler/ti-cgt-c2000_22.6.0.LTS/bin/cl2000" -v28 -ml -mt --cla_support=cla0 --float_support=fpu32 --vcu_support=vcu0 --include_path="C:/ti/ccs1200/ccs/tools/compiler/ti-cgt-c2000_22.6.0.LTS/include" --include_path="C:/ti/c2000/C2000Ware_4_01_00_00/device_support/f2806x/common/include" --include_path="C:/ti/c2000/C2000Ware_4_01_00_00/device_support/f2806x/headers/include" --include_path="C:/ti/c2000/C2000Ware_4_01_00_00/device_support/f2806x/headers/include" --include_path="C:/ti/c2000/C2000Ware_4_01_00_00/device_support/f2806x/common/include" --include_path="C:/ti/c2000/C2000Ware_4_01_00_00/libraries/math/IQmath/c28/include" --include_path="C:/ti/c2000/C2000Ware_4_01_00_00/libraries/math/FPUfastRTS/c28/include" --define="_DEBUG" --define="LARGE_MODEL" -g --diag_suppress=10063 --diag_warning=225 --issue_remarks --verbose_diagnostics --quiet --preproc_with_compile --preproc_dependency="include/common/source/F2806x_CSMPasswords.d_raw" --obj_directory="include/common/source"  "C:/ti/c2000/C2000Ware_4_01_00_00/device_support/f2806x/common/source/F2806x_CSMPasswords.asm"
Finished building: "C:/ti/c2000/C2000Ware_4_01_00_00/device_support/f2806x/common/source/F2806x_CSMPasswords.asm"
 
Building file: "C:/ti/c2000/C2000Ware_4_01_00_00/device_support/f2806x/common/source/F2806x_CodeStartBranch.asm"
Invoking: C2000 Compiler
"C:/ti/ccs1200/ccs/tools/compiler/ti-cgt-c2000_22.6.0.LTS/bin/cl2000" -v28 -ml -mt --cla_support=cla0 --float_support=fpu32 --vcu_support=vcu0 --include_path="C:/ti/ccs1200/ccs/tools/compiler/ti-cgt-c2000_22.6.0.LTS/include" --include_path="C:/ti/c2000/C2000Ware_4_01_00_00/device_support/f2806x/common/include" --include_path="C:/ti/c2000/C2000Ware_4_01_00_00/device_support/f2806x/headers/include" --include_path="C:/ti/c2000/C2000Ware_4_01_00_00/device_support/f2806x/headers/include" --include_path="C:/ti/c2000/C2000Ware_4_01_00_00/device_support/f2806x/common/include" --include_path="C:/ti/c2000/C2000Ware_4_01_00_00/libraries/math/IQmath/c28/include" --include_path="C:/ti/c2000/C2000Ware_4_01_00_00/libraries/math/FPUfastRTS/c28/include" --define="_DEBUG" --define="LARGE_MODEL" -g --diag_suppress=10063 --diag_warning=225 --issue_remarks --verbose_diagnostics --quiet --preproc_with_compile --preproc_dependency="include/common/source/F2806x_CodeStartBranch.d_raw" --obj_directory="include/common/source"  "C:/ti/c2000/C2000Ware_4_01_00_00/device_support/f2806x/common/source/F2806x_CodeStartBranch.asm"
Finished building: "C:/ti/c2000/C2000Ware_4_01_00_00/device_support/f2806x/common/source/F2806x_CodeStartBranch.asm"
 
Building file: "C:/ti/c2000/C2000Ware_4_01_00_00/device_support/f2806x/common/source/F2806x_Comp.c"
Invoking: C2000 Compiler
"C:/ti/ccs1200/ccs/tools/compiler/ti-cgt-c2000_22.6.0.LTS/bin/cl2000" -v28 -ml -mt --cla_support=cla0 --float_support=fpu32 --vcu_support=vcu0 --include_path="C:/ti/ccs1200/ccs/tools/compiler/ti-cgt-c2000_22.6.0.LTS/include" --include_path="C:/ti/c2000/C2000Ware_4_01_00_00/device_support/f2806x/common/include" --include_path="C:/ti/c2000/C2000Ware_4_01_00_00/device_support/f2806x/headers/include" --include_path="C:/ti/c2000/C2000Ware_4_01_00_00/device_support/f2806x/headers/include" --include_path="C:/ti/c2000/C2000Ware_4_01_00_00/device_support/f2806x/common/include" --include_path="C:/ti/c2000/C2000Ware_4_01_00_00/libraries/math/IQmath/c28/include" --include_path="C:/ti/c2000/C2000Ware_4_01_00_00/libraries/math/FPUfastRTS/c28/include" --define="_DEBUG" --define="LARGE_MODEL" -g --diag_suppress=10063 --diag_warning=225 --issue_remarks --verbose_diagnostics --quiet --preproc_with_compile --preproc_dependency="include/common/source/F2806x_Comp.d_raw" --obj_directory="include/common/source"  "C:/ti/c2000/C2000Ware_4_01_00_00/device_support/f2806x/common/source/F2806x_Comp.c"
Finished building: "C:/ti/c2000/C2000Ware_4_01_00_00/device_support/f2806x/common/source/F2806x_Comp.c"
 
Building file: "C:/ti/c2000/C2000Ware_4_01_00_00/device_support/f2806x/common/source/F2806x_CpuTimers.c"
Invoking: C2000 Compiler
"C:/ti/ccs1200/ccs/tools/compiler/ti-cgt-c2000_22.6.0.LTS/bin/cl2000" -v28 -ml -mt --cla_support=cla0 --float_support=fpu32 --vcu_support=vcu0 --include_path="C:/ti/ccs1200/ccs/tools/compiler/ti-cgt-c2000_22.6.0.LTS/include" --include_path="C:/ti/c2000/C2000Ware_4_01_00_00/device_support/f2806x/common/include" --include_path="C:/ti/c2000/C2000Ware_4_01_00_00/device_support/f2806x/headers/include" --include_path="C:/ti/c2000/C2000Ware_4_01_00_00/device_support/f2806x/headers/include" --include_path="C:/ti/c2000/C2000Ware_4_01_00_00/device_support/f2806x/common/include" --include_path="C:/ti/c2000/C2000Ware_4_01_00_00/libraries/math/IQmath/c28/include" --include_path="C:/ti/c2000/C2000Ware_4_01_00_00/libraries/math/FPUfastRTS/c28/include" --define="_DEBUG" --define="LARGE_MODEL" -g --diag_suppress=10063 --diag_warning=225 --issue_remarks --verbose_diagnostics --quiet --preproc_with_compile --preproc_dependency="include/common/source/F2806x_CpuTimers.d_raw" --obj_directory="include/common/source"  "C:/ti/c2000/C2000Ware_4_01_00_00/device_support/f2806x/common/source/F2806x_CpuTimers.c"
Finished building: "C:/ti/c2000/C2000Ware_4_01_00_00/device_support/f2806x/common/source/F2806x_CpuTimers.c"
 
Building file: "C:/ti/c2000/C2000Ware_4_01_00_00/device_support/f2806x/common/source/F2806x_DBGIER.asm"
Invoking: C2000 Compiler
"C:/ti/ccs1200/ccs/tools/compiler/ti-cgt-c2000_22.6.0.LTS/bin/cl2000" -v28 -ml -mt --cla_support=cla0 --float_support=fpu32 --vcu_support=vcu0 --include_path="C:/ti/ccs1200/ccs/tools/compiler/ti-cgt-c2000_22.6.0.LTS/include" --include_path="C:/ti/c2000/C2000Ware_4_01_00_00/device_support/f2806x/common/include" --include_path="C:/ti/c2000/C2000Ware_4_01_00_00/device_support/f2806x/headers/include" --include_path="C:/ti/c2000/C2000Ware_4_01_00_00/device_support/f2806x/headers/include" --include_path="C:/ti/c2000/C2000Ware_4_01_00_00/device_support/f2806x/common/include" --include_path="C:/ti/c2000/C2000Ware_4_01_00_00/libraries/math/IQmath/c28/include" --include_path="C:/ti/c2000/C2000Ware_4_01_00_00/libraries/math/FPUfastRTS/c28/include" --define="_DEBUG" --define="LARGE_MODEL" -g --diag_suppress=10063 --diag_warning=225 --issue_remarks --verbose_diagnostics --quiet --preproc_with_compile --preproc_dependency="include/common/source/F2806x_DBGIER.d_raw" --obj_directory="include/common/source"  "C:/ti/c2000/C2000Ware_4_01_00_00/device_support/f2806x/common/source/F2806x_DBGIER.asm"
Finished building: "C:/ti/c2000/C2000Ware_4_01_00_00/device_support/f2806x/common/source/F2806x_DBGIER.asm"
 
Building file: "C:/ti/c2000/C2000Ware_4_01_00_00/device_support/f2806x/common/source/F2806x_DefaultIsr.c"
Invoking: C2000 Compiler
"C:/ti/ccs1200/ccs/tools/compiler/ti-cgt-c2000_22.6.0.LTS/bin/cl2000" -v28 -ml -mt --cla_support=cla0 --float_support=fpu32 --vcu_support=vcu0 --include_path="C:/ti/ccs1200/ccs/tools/compiler/ti-cgt-c2000_22.6.0.LTS/include" --include_path="C:/ti/c2000/C2000Ware_4_01_00_00/device_support/f2806x/common/include" --include_path="C:/ti/c2000/C2000Ware_4_01_00_00/device_support/f2806x/headers/include" --include_path="C:/ti/c2000/C2000Ware_4_01_00_00/device_support/f2806x/headers/include" --include_path="C:/ti/c2000/C2000Ware_4_01_00_00/device_support/f2806x/common/include" --include_path="C:/ti/c2000/C2000Ware_4_01_00_00/libraries/math/IQmath/c28/include" --include_path="C:/ti/c2000/C2000Ware_4_01_00_00/libraries/math/FPUfastRTS/c28/include" --define="_DEBUG" --define="LARGE_MODEL" -g --diag_suppress=10063 --diag_warning=225 --issue_remarks --verbose_diagnostics --quiet --preproc_with_compile --preproc_dependency="include/common/source/F2806x_DefaultIsr.d_raw" --obj_directory="include/common/source"  "C:/ti/c2000/C2000Ware_4_01_00_00/device_support/f2806x/common/source/F2806x_DefaultIsr.c"
Finished building: "C:/ti/c2000/C2000Ware_4_01_00_00/device_support/f2806x/common/source/F2806x_DefaultIsr.c"
 
Building file: "C:/ti/c2000/C2000Ware_4_01_00_00/device_support/f2806x/common/source/F2806x_DisInt.asm"
Invoking: C2000 Compiler
"C:/ti/ccs1200/ccs/tools/compiler/ti-cgt-c2000_22.6.0.LTS/bin/cl2000" -v28 -ml -mt --cla_support=cla0 --float_support=fpu32 --vcu_support=vcu0 --include_path="C:/ti/ccs1200/ccs/tools/compiler/ti-cgt-c2000_22.6.0.LTS/include" --include_path="C:/ti/c2000/C2000Ware_4_01_00_00/device_support/f2806x/common/include" --include_path="C:/ti/c2000/C2000Ware_4_01_00_00/device_support/f2806x/headers/include" --include_path="C:/ti/c2000/C2000Ware_4_01_00_00/device_support/f2806x/headers/include" --include_path="C:/ti/c2000/C2000Ware_4_01_00_00/device_support/f2806x/common/include" --include_path="C:/ti/c2000/C2000Ware_4_01_00_00/libraries/math/IQmath/c28/include" --include_path="C:/ti/c2000/C2000Ware_4_01_00_00/libraries/math/FPUfastRTS/c28/include" --define="_DEBUG" --define="LARGE_MODEL" -g --diag_suppress=10063 --diag_warning=225 --issue_remarks --verbose_diagnostics --quiet --preproc_with_compile --preproc_dependency="include/common/source/F2806x_DisInt.d_raw" --obj_directory="include/common/source"  "C:/ti/c2000/C2000Ware_4_01_00_00/device_support/f2806x/common/source/F2806x_DisInt.asm"
Finished building: "C:/ti/c2000/C2000Ware_4_01_00_00/device_support/f2806x/common/source/F2806x_DisInt.asm"
 
Building file: "C:/ti/c2000/C2000Ware_4_01_00_00/device_support/f2806x/common/source/F2806x_Dma.c"
Invoking: C2000 Compiler
"C:/ti/ccs1200/ccs/tools/compiler/ti-cgt-c2000_22.6.0.LTS/bin/cl2000" -v28 -ml -mt --cla_support=cla0 --float_support=fpu32 --vcu_support=vcu0 --include_path="C:/ti/ccs1200/ccs/tools/compiler/ti-cgt-c2000_22.6.0.LTS/include" --include_path="C:/ti/c2000/C2000Ware_4_01_00_00/device_support/f2806x/common/include" --include_path="C:/ti/c2000/C2000Ware_4_01_00_00/device_support/f2806x/headers/include" --include_path="C:/ti/c2000/C2000Ware_4_01_00_00/device_support/f2806x/headers/include" --include_path="C:/ti/c2000/C2000Ware_4_01_00_00/device_support/f2806x/common/include" --include_path="C:/ti/c2000/C2000Ware_4_01_00_00/libraries/math/IQmath/c28/include" --include_path="C:/ti/c2000/C2000Ware_4_01_00_00/libraries/math/FPUfastRTS/c28/include" --define="_DEBUG" --define="LARGE_MODEL" -g --diag_suppress=10063 --diag_warning=225 --issue_remarks --verbose_diagnostics --quiet --preproc_with_compile --preproc_dependency="include/common/source/F2806x_Dma.d_raw" --obj_directory="include/common/source"  "C:/ti/c2000/C2000Ware_4_01_00_00/device_support/f2806x/common/source/F2806x_Dma.c"
"C:/ti/c2000/C2000Ware_4_01_00_00/device_support/f2806x/common/source/F2806x_Dm
          a.c", line 191: remark: parameter "synce" was never referenced
                   Uint16 synce, Uint16 syncsel, Uint16 ovrinte, Uint16 datasize,
                          ^
 
"C:/ti/c2000/C2000Ware_4_01_00_00/device_support/f2806x/common/source/F2806x_Dm
          a.c", line 191: remark: parameter "syncsel" was never referenced
                   Uint16 synce, Uint16 syncsel, Uint16 ovrinte, Uint16 datasize,
                                        ^
 
"C:/ti/c2000/C2000Ware_4_01_00_00/device_support/f2806x/common/source/F2806x_Dm
          a.c", line 372: remark: parameter "synce" was never referenced
                   Uint16 synce, Uint16 syncsel, Uint16 ovrinte, Uint16 datasize,
                          ^
 
"C:/ti/c2000/C2000Ware_4_01_00_00/device_support/f2806x/common/source/F2806x_Dm
          a.c", line 372: remark: parameter "syncsel" was never referenced
                   Uint16 synce, Uint16 syncsel, Uint16 ovrinte, Uint16 datasize,
                                        ^
 
"C:/ti/c2000/C2000Ware_4_01_00_00/device_support/f2806x/common/source/F2806x_Dm
          a.c", line 551: remark: parameter "synce" was never referenced
                   Uint16 synce, Uint16 syncsel, Uint16 ovrinte, Uint16 datasize,
                          ^
 
"C:/ti/c2000/C2000Ware_4_01_00_00/device_support/f2806x/common/source/F2806x_Dm
          a.c", line 551: remark: parameter "syncsel" was never referenced
                   Uint16 synce, Uint16 syncsel, Uint16 ovrinte, Uint16 datasize,
                                        ^
 
"C:/ti/c2000/C2000Ware_4_01_00_00/device_support/f2806x/common/source/F2806x_Dm
          a.c", line 743: remark: parameter "synce" was never referenced
                   Uint16 synce, Uint16 syncsel, Uint16 ovrinte, Uint16 datasize,
                          ^
 
"C:/ti/c2000/C2000Ware_4_01_00_00/device_support/f2806x/common/source/F2806x_Dm
          a.c", line 743: remark: parameter "syncsel" was never referenced
                   Uint16 synce, Uint16 syncsel, Uint16 ovrinte, Uint16 datasize,
                                        ^
 
"C:/ti/c2000/C2000Ware_4_01_00_00/device_support/f2806x/common/source/F2806x_Dm
          a.c", line 921: remark: parameter "synce" was never referenced
                   Uint16 synce, Uint16 syncsel, Uint16 ovrinte, Uint16 datasize,
                          ^
 
"C:/ti/c2000/C2000Ware_4_01_00_00/device_support/f2806x/common/source/F2806x_Dm
          a.c", line 921: remark: parameter "syncsel" was never referenced
                   Uint16 synce, Uint16 syncsel, Uint16 ovrinte, Uint16 datasize,
                                        ^
 
"C:/ti/c2000/C2000Ware_4_01_00_00/device_support/f2806x/common/source/F2806x_Dm
          a.c", line 1102: remark: parameter "synce" was never referenced
                   Uint16 synce, Uint16 syncsel, Uint16 ovrinte, Uint16 datasize,
                          ^
 
"C:/ti/c2000/C2000Ware_4_01_00_00/device_support/f2806x/common/source/F2806x_Dm
          a.c", line 1102: remark: parameter "syncsel" was never referenced
                   Uint16 synce, Uint16 syncsel, Uint16 ovrinte, Uint16 datasize,
                                        ^
 
Finished building: "C:/ti/c2000/C2000Ware_4_01_00_00/device_support/f2806x/common/source/F2806x_Dma.c"
 
Building file: "C:/ti/c2000/C2000Ware_4_01_00_00/device_support/f2806x/common/source/F2806x_ECan.c"
Invoking: C2000 Compiler
"C:/ti/ccs1200/ccs/tools/compiler/ti-cgt-c2000_22.6.0.LTS/bin/cl2000" -v28 -ml -mt --cla_support=cla0 --float_support=fpu32 --vcu_support=vcu0 --include_path="C:/ti/ccs1200/ccs/tools/compiler/ti-cgt-c2000_22.6.0.LTS/include" --include_path="C:/ti/c2000/C2000Ware_4_01_00_00/device_support/f2806x/common/include" --include_path="C:/ti/c2000/C2000Ware_4_01_00_00/device_support/f2806x/headers/include" --include_path="C:/ti/c2000/C2000Ware_4_01_00_00/device_support/f2806x/headers/include" --include_path="C:/ti/c2000/C2000Ware_4_01_00_00/device_support/f2806x/common/include" --include_path="C:/ti/c2000/C2000Ware_4_01_00_00/libraries/math/IQmath/c28/include" --include_path="C:/ti/c2000/C2000Ware_4_01_00_00/libraries/math/FPUfastRTS/c28/include" --define="_DEBUG" --define="LARGE_MODEL" -g --diag_suppress=10063 --diag_warning=225 --issue_remarks --verbose_diagnostics --quiet --preproc_with_compile --preproc_dependency="include/common/source/F2806x_ECan.d_raw" --obj_directory="include/common/source"  "C:/ti/c2000/C2000Ware_4_01_00_00/device_support/f2806x/common/source/F2806x_ECan.c"
Finished building: "C:/ti/c2000/C2000Ware_4_01_00_00/device_support/f2806x/common/source/F2806x_ECan.c"
 
Building file: "C:/ti/c2000/C2000Ware_4_01_00_00/device_support/f2806x/common/source/F2806x_ECap.c"
Invoking: C2000 Compiler
"C:/ti/ccs1200/ccs/tools/compiler/ti-cgt-c2000_22.6.0.LTS/bin/cl2000" -v28 -ml -mt --cla_support=cla0 --float_support=fpu32 --vcu_support=vcu0 --include_path="C:/ti/ccs1200/ccs/tools/compiler/ti-cgt-c2000_22.6.0.LTS/include" --include_path="C:/ti/c2000/C2000Ware_4_01_00_00/device_support/f2806x/common/include" --include_path="C:/ti/c2000/C2000Ware_4_01_00_00/device_support/f2806x/headers/include" --include_path="C:/ti/c2000/C2000Ware_4_01_00_00/device_support/f2806x/headers/include" --include_path="C:/ti/c2000/C2000Ware_4_01_00_00/device_support/f2806x/common/include" --include_path="C:/ti/c2000/C2000Ware_4_01_00_00/libraries/math/IQmath/c28/include" --include_path="C:/ti/c2000/C2000Ware_4_01_00_00/libraries/math/FPUfastRTS/c28/include" --define="_DEBUG" --define="LARGE_MODEL" -g --diag_suppress=10063 --diag_warning=225 --issue_remarks --verbose_diagnostics --quiet --preproc_with_compile --preproc_dependency="include/common/source/F2806x_ECap.d_raw" --obj_directory="include/common/source"  "C:/ti/c2000/C2000Ware_4_01_00_00/device_support/f2806x/common/source/F2806x_ECap.c"
Finished building: "C:/ti/c2000/C2000Ware_4_01_00_00/device_support/f2806x/common/source/F2806x_ECap.c"
 
Building file: "C:/ti/c2000/C2000Ware_4_01_00_00/device_support/f2806x/common/source/F2806x_EPwm.c"
Invoking: C2000 Compiler
"C:/ti/ccs1200/ccs/tools/compiler/ti-cgt-c2000_22.6.0.LTS/bin/cl2000" -v28 -ml -mt --cla_support=cla0 --float_support=fpu32 --vcu_support=vcu0 --include_path="C:/ti/ccs1200/ccs/tools/compiler/ti-cgt-c2000_22.6.0.LTS/include" --include_path="C:/ti/c2000/C2000Ware_4_01_00_00/device_support/f2806x/common/include" --include_path="C:/ti/c2000/C2000Ware_4_01_00_00/device_support/f2806x/headers/include" --include_path="C:/ti/c2000/C2000Ware_4_01_00_00/device_support/f2806x/headers/include" --include_path="C:/ti/c2000/C2000Ware_4_01_00_00/device_support/f2806x/common/include" --include_path="C:/ti/c2000/C2000Ware_4_01_00_00/libraries/math/IQmath/c28/include" --include_path="C:/ti/c2000/C2000Ware_4_01_00_00/libraries/math/FPUfastRTS/c28/include" --define="_DEBUG" --define="LARGE_MODEL" -g --diag_suppress=10063 --diag_warning=225 --issue_remarks --verbose_diagnostics --quiet --preproc_with_compile --preproc_dependency="include/common/source/F2806x_EPwm.d_raw" --obj_directory="include/common/source"  "C:/ti/c2000/C2000Ware_4_01_00_00/device_support/f2806x/common/source/F2806x_EPwm.c"
Finished building: "C:/ti/c2000/C2000Ware_4_01_00_00/device_support/f2806x/common/source/F2806x_EPwm.c"
 
Building file: "C:/ti/c2000/C2000Ware_4_01_00_00/device_support/f2806x/common/source/F2806x_EQep.c"
Invoking: C2000 Compiler
"C:/ti/ccs1200/ccs/tools/compiler/ti-cgt-c2000_22.6.0.LTS/bin/cl2000" -v28 -ml -mt --cla_support=cla0 --float_support=fpu32 --vcu_support=vcu0 --include_path="C:/ti/ccs1200/ccs/tools/compiler/ti-cgt-c2000_22.6.0.LTS/include" --include_path="C:/ti/c2000/C2000Ware_4_01_00_00/device_support/f2806x/common/include" --include_path="C:/ti/c2000/C2000Ware_4_01_00_00/device_support/f2806x/headers/include" --include_path="C:/ti/c2000/C2000Ware_4_01_00_00/device_support/f2806x/headers/include" --include_path="C:/ti/c2000/C2000Ware_4_01_00_00/device_support/f2806x/common/include" --include_path="C:/ti/c2000/C2000Ware_4_01_00_00/libraries/math/IQmath/c28/include" --include_path="C:/ti/c2000/C2000Ware_4_01_00_00/libraries/math/FPUfastRTS/c28/include" --define="_DEBUG" --define="LARGE_MODEL" -g --diag_suppress=10063 --diag_warning=225 --issue_remarks --verbose_diagnostics --quiet --preproc_with_compile --preproc_dependency="include/common/source/F2806x_EQep.d_raw" --obj_directory="include/common/source"  "C:/ti/c2000/C2000Ware_4_01_00_00/device_support/f2806x/common/source/F2806x_EQep.c"
Finished building: "C:/ti/c2000/C2000Ware_4_01_00_00/device_support/f2806x/common/source/F2806x_EQep.c"
 
Building file: "C:/ti/c2000/C2000Ware_4_01_00_00/device_support/f2806x/common/source/F2806x_Gpio.c"
Invoking: C2000 Compiler
"C:/ti/ccs1200/ccs/tools/compiler/ti-cgt-c2000_22.6.0.LTS/bin/cl2000" -v28 -ml -mt --cla_support=cla0 --float_support=fpu32 --vcu_support=vcu0 --include_path="C:/ti/ccs1200/ccs/tools/compiler/ti-cgt-c2000_22.6.0.LTS/include" --include_path="C:/ti/c2000/C2000Ware_4_01_00_00/device_support/f2806x/common/include" --include_path="C:/ti/c2000/C2000Ware_4_01_00_00/device_support/f2806x/headers/include" --include_path="C:/ti/c2000/C2000Ware_4_01_00_00/device_support/f2806x/headers/include" --include_path="C:/ti/c2000/C2000Ware_4_01_00_00/device_support/f2806x/common/include" --include_path="C:/ti/c2000/C2000Ware_4_01_00_00/libraries/math/IQmath/c28/include" --include_path="C:/ti/c2000/C2000Ware_4_01_00_00/libraries/math/FPUfastRTS/c28/include" --define="_DEBUG" --define="LARGE_MODEL" -g --diag_suppress=10063 --diag_warning=225 --issue_remarks --verbose_diagnostics --quiet --preproc_with_compile --preproc_dependency="include/common/source/F2806x_Gpio.d_raw" --obj_directory="include/common/source"  "C:/ti/c2000/C2000Ware_4_01_00_00/device_support/f2806x/common/source/F2806x_Gpio.c"
Finished building: "C:/ti/c2000/C2000Ware_4_01_00_00/device_support/f2806x/common/source/F2806x_Gpio.c"
 
Building file: "C:/ti/c2000/C2000Ware_4_01_00_00/device_support/f2806x/common/source/F2806x_HRCap.c"
Invoking: C2000 Compiler
"C:/ti/ccs1200/ccs/tools/compiler/ti-cgt-c2000_22.6.0.LTS/bin/cl2000" -v28 -ml -mt --cla_support=cla0 --float_support=fpu32 --vcu_support=vcu0 --include_path="C:/ti/ccs1200/ccs/tools/compiler/ti-cgt-c2000_22.6.0.LTS/include" --include_path="C:/ti/c2000/C2000Ware_4_01_00_00/device_support/f2806x/common/include" --include_path="C:/ti/c2000/C2000Ware_4_01_00_00/device_support/f2806x/headers/include" --include_path="C:/ti/c2000/C2000Ware_4_01_00_00/device_support/f2806x/headers/include" --include_path="C:/ti/c2000/C2000Ware_4_01_00_00/device_support/f2806x/common/include" --include_path="C:/ti/c2000/C2000Ware_4_01_00_00/libraries/math/IQmath/c28/include" --include_path="C:/ti/c2000/C2000Ware_4_01_00_00/libraries/math/FPUfastRTS/c28/include" --define="_DEBUG" --define="LARGE_MODEL" -g --diag_suppress=10063 --diag_warning=225 --issue_remarks --verbose_diagnostics --quiet --preproc_with_compile --preproc_dependency="include/common/source/F2806x_HRCap.d_raw" --obj_directory="include/common/source"  "C:/ti/c2000/C2000Ware_4_01_00_00/device_support/f2806x/common/source/F2806x_HRCap.c"
Finished building: "C:/ti/c2000/C2000Ware_4_01_00_00/device_support/f2806x/common/source/F2806x_HRCap.c"
 
Building file: "C:/ti/c2000/C2000Ware_4_01_00_00/device_support/f2806x/common/source/F2806x_I2C.c"
Invoking: C2000 Compiler
"C:/ti/ccs1200/ccs/tools/compiler/ti-cgt-c2000_22.6.0.LTS/bin/cl2000" -v28 -ml -mt --cla_support=cla0 --float_support=fpu32 --vcu_support=vcu0 --include_path="C:/ti/ccs1200/ccs/tools/compiler/ti-cgt-c2000_22.6.0.LTS/include" --include_path="C:/ti/c2000/C2000Ware_4_01_00_00/device_support/f2806x/common/include" --include_path="C:/ti/c2000/C2000Ware_4_01_00_00/device_support/f2806x/headers/include" --include_path="C:/ti/c2000/C2000Ware_4_01_00_00/device_support/f2806x/headers/include" --include_path="C:/ti/c2000/C2000Ware_4_01_00_00/device_support/f2806x/common/include" --include_path="C:/ti/c2000/C2000Ware_4_01_00_00/libraries/math/IQmath/c28/include" --include_path="C:/ti/c2000/C2000Ware_4_01_00_00/libraries/math/FPUfastRTS/c28/include" --define="_DEBUG" --define="LARGE_MODEL" -g --diag_suppress=10063 --diag_warning=225 --issue_remarks --verbose_diagnostics --quiet --preproc_with_compile --preproc_dependency="include/common/source/F2806x_I2C.d_raw" --obj_directory="include/common/source"  "C:/ti/c2000/C2000Ware_4_01_00_00/device_support/f2806x/common/source/F2806x_I2C.c"
Finished building: "C:/ti/c2000/C2000Ware_4_01_00_00/device_support/f2806x/common/source/F2806x_I2C.c"
 
Building file: "C:/ti/c2000/C2000Ware_4_01_00_00/device_support/f2806x/common/source/F2806x_Mcbsp.c"
Invoking: C2000 Compiler
"C:/ti/ccs1200/ccs/tools/compiler/ti-cgt-c2000_22.6.0.LTS/bin/cl2000" -v28 -ml -mt --cla_support=cla0 --float_support=fpu32 --vcu_support=vcu0 --include_path="C:/ti/ccs1200/ccs/tools/compiler/ti-cgt-c2000_22.6.0.LTS/include" --include_path="C:/ti/c2000/C2000Ware_4_01_00_00/device_support/f2806x/common/include" --include_path="C:/ti/c2000/C2000Ware_4_01_00_00/device_support/f2806x/headers/include" --include_path="C:/ti/c2000/C2000Ware_4_01_00_00/device_support/f2806x/headers/include" --include_path="C:/ti/c2000/C2000Ware_4_01_00_00/device_support/f2806x/common/include" --include_path="C:/ti/c2000/C2000Ware_4_01_00_00/libraries/math/IQmath/c28/include" --include_path="C:/ti/c2000/C2000Ware_4_01_00_00/libraries/math/FPUfastRTS/c28/include" --define="_DEBUG" --define="LARGE_MODEL" -g --diag_suppress=10063 --diag_warning=225 --issue_remarks --verbose_diagnostics --quiet --preproc_with_compile --preproc_dependency="include/common/source/F2806x_Mcbsp.d_raw" --obj_directory="include/common/source"  "C:/ti/c2000/C2000Ware_4_01_00_00/device_support/f2806x/common/source/F2806x_Mcbsp.c"
Finished building: "C:/ti/c2000/C2000Ware_4_01_00_00/device_support/f2806x/common/source/F2806x_Mcbsp.c"
 
Building file: "C:/ti/c2000/C2000Ware_4_01_00_00/device_support/f2806x/common/source/F2806x_OscComp.c"
Invoking: C2000 Compiler
"C:/ti/ccs1200/ccs/tools/compiler/ti-cgt-c2000_22.6.0.LTS/bin/cl2000" -v28 -ml -mt --cla_support=cla0 --float_support=fpu32 --vcu_support=vcu0 --include_path="C:/ti/ccs1200/ccs/tools/compiler/ti-cgt-c2000_22.6.0.LTS/include" --include_path="C:/ti/c2000/C2000Ware_4_01_00_00/device_support/f2806x/common/include" --include_path="C:/ti/c2000/C2000Ware_4_01_00_00/device_support/f2806x/headers/include" --include_path="C:/ti/c2000/C2000Ware_4_01_00_00/device_support/f2806x/headers/include" --include_path="C:/ti/c2000/C2000Ware_4_01_00_00/device_support/f2806x/common/include" --include_path="C:/ti/c2000/C2000Ware_4_01_00_00/libraries/math/IQmath/c28/include" --include_path="C:/ti/c2000/C2000Ware_4_01_00_00/libraries/math/FPUfastRTS/c28/include" --define="_DEBUG" --define="LARGE_MODEL" -g --diag_suppress=10063 --diag_warning=225 --issue_remarks --verbose_diagnostics --quiet --preproc_with_compile --preproc_dependency="include/common/source/F2806x_OscComp.d_raw" --obj_directory="include/common/source"  "C:/ti/c2000/C2000Ware_4_01_00_00/device_support/f2806x/common/source/F2806x_OscComp.c"
Finished building: "C:/ti/c2000/C2000Ware_4_01_00_00/device_support/f2806x/common/source/F2806x_OscComp.c"
 
Building file: "C:/ti/c2000/C2000Ware_4_01_00_00/device_support/f2806x/common/source/F2806x_PieCtrl.c"
Invoking: C2000 Compiler
"C:/ti/ccs1200/ccs/tools/compiler/ti-cgt-c2000_22.6.0.LTS/bin/cl2000" -v28 -ml -mt --cla_support=cla0 --float_support=fpu32 --vcu_support=vcu0 --include_path="C:/ti/ccs1200/ccs/tools/compiler/ti-cgt-c2000_22.6.0.LTS/include" --include_path="C:/ti/c2000/C2000Ware_4_01_00_00/device_support/f2806x/common/include" --include_path="C:/ti/c2000/C2000Ware_4_01_00_00/device_support/f2806x/headers/include" --include_path="C:/ti/c2000/C2000Ware_4_01_00_00/device_support/f2806x/headers/include" --include_path="C:/ti/c2000/C2000Ware_4_01_00_00/device_support/f2806x/common/include" --include_path="C:/ti/c2000/C2000Ware_4_01_00_00/libraries/math/IQmath/c28/include" --include_path="C:/ti/c2000/C2000Ware_4_01_00_00/libraries/math/FPUfastRTS/c28/include" --define="_DEBUG" --define="LARGE_MODEL" -g --diag_suppress=10063 --diag_warning=225 --issue_remarks --verbose_diagnostics --quiet --preproc_with_compile --preproc_dependency="include/common/source/F2806x_PieCtrl.d_raw" --obj_directory="include/common/source"  "C:/ti/c2000/C2000Ware_4_01_00_00/device_support/f2806x/common/source/F2806x_PieCtrl.c"
Finished building: "C:/ti/c2000/C2000Ware_4_01_00_00/device_support/f2806x/common/source/F2806x_PieCtrl.c"
 
Building file: "C:/ti/c2000/C2000Ware_4_01_00_00/device_support/f2806x/common/source/F2806x_PieVect.c"
Invoking: C2000 Compiler
"C:/ti/ccs1200/ccs/tools/compiler/ti-cgt-c2000_22.6.0.LTS/bin/cl2000" -v28 -ml -mt --cla_support=cla0 --float_support=fpu32 --vcu_support=vcu0 --include_path="C:/ti/ccs1200/ccs/tools/compiler/ti-cgt-c2000_22.6.0.LTS/include" --include_path="C:/ti/c2000/C2000Ware_4_01_00_00/device_support/f2806x/common/include" --include_path="C:/ti/c2000/C2000Ware_4_01_00_00/device_support/f2806x/headers/include" --include_path="C:/ti/c2000/C2000Ware_4_01_00_00/device_support/f2806x/headers/include" --include_path="C:/ti/c2000/C2000Ware_4_01_00_00/device_support/f2806x/common/include" --include_path="C:/ti/c2000/C2000Ware_4_01_00_00/libraries/math/IQmath/c28/include" --include_path="C:/ti/c2000/C2000Ware_4_01_00_00/libraries/math/FPUfastRTS/c28/include" --define="_DEBUG" --define="LARGE_MODEL" -g --diag_suppress=10063 --diag_warning=225 --issue_remarks --verbose_diagnostics --quiet --preproc_with_compile --preproc_dependency="include/common/source/F2806x_PieVect.d_raw" --obj_directory="include/common/source"  "C:/ti/c2000/C2000Ware_4_01_00_00/device_support/f2806x/common/source/F2806x_PieVect.c"
Finished building: "C:/ti/c2000/C2000Ware_4_01_00_00/device_support/f2806x/common/source/F2806x_PieVect.c"
 
Building file: "C:/ti/c2000/C2000Ware_4_01_00_00/device_support/f2806x/common/source/F2806x_Sci.c"
Invoking: C2000 Compiler
"C:/ti/ccs1200/ccs/tools/compiler/ti-cgt-c2000_22.6.0.LTS/bin/cl2000" -v28 -ml -mt --cla_support=cla0 --float_support=fpu32 --vcu_support=vcu0 --include_path="C:/ti/ccs1200/ccs/tools/compiler/ti-cgt-c2000_22.6.0.LTS/include" --include_path="C:/ti/c2000/C2000Ware_4_01_00_00/device_support/f2806x/common/include" --include_path="C:/ti/c2000/C2000Ware_4_01_00_00/device_support/f2806x/headers/include" --include_path="C:/ti/c2000/C2000Ware_4_01_00_00/device_support/f2806x/headers/include" --include_path="C:/ti/c2000/C2000Ware_4_01_00_00/device_support/f2806x/common/include" --include_path="C:/ti/c2000/C2000Ware_4_01_00_00/libraries/math/IQmath/c28/include" --include_path="C:/ti/c2000/C2000Ware_4_01_00_00/libraries/math/FPUfastRTS/c28/include" --define="_DEBUG" --define="LARGE_MODEL" -g --diag_suppress=10063 --diag_warning=225 --issue_remarks --verbose_diagnostics --quiet --preproc_with_compile --preproc_dependency="include/common/source/F2806x_Sci.d_raw" --obj_directory="include/common/source"  "C:/ti/c2000/C2000Ware_4_01_00_00/device_support/f2806x/common/source/F2806x_Sci.c"
Finished building: "C:/ti/c2000/C2000Ware_4_01_00_00/device_support/f2806x/common/source/F2806x_Sci.c"
 
Building file: "C:/ti/c2000/C2000Ware_4_01_00_00/device_support/f2806x/common/source/F2806x_Spi.c"
Invoking: C2000 Compiler
"C:/ti/ccs1200/ccs/tools/compiler/ti-cgt-c2000_22.6.0.LTS/bin/cl2000" -v28 -ml -mt --cla_support=cla0 --float_support=fpu32 --vcu_support=vcu0 --include_path="C:/ti/ccs1200/ccs/tools/compiler/ti-cgt-c2000_22.6.0.LTS/include" --include_path="C:/ti/c2000/C2000Ware_4_01_00_00/device_support/f2806x/common/include" --include_path="C:/ti/c2000/C2000Ware_4_01_00_00/device_support/f2806x/headers/include" --include_path="C:/ti/c2000/C2000Ware_4_01_00_00/device_support/f2806x/headers/include" --include_path="C:/ti/c2000/C2000Ware_4_01_00_00/device_support/f2806x/common/include" --include_path="C:/ti/c2000/C2000Ware_4_01_00_00/libraries/math/IQmath/c28/include" --include_path="C:/ti/c2000/C2000Ware_4_01_00_00/libraries/math/FPUfastRTS/c28/include" --define="_DEBUG" --define="LARGE_MODEL" -g --diag_suppress=10063 --diag_warning=225 --issue_remarks --verbose_diagnostics --quiet --preproc_with_compile --preproc_dependency="include/common/source/F2806x_Spi.d_raw" --obj_directory="include/common/source"  "C:/ti/c2000/C2000Ware_4_01_00_00/device_support/f2806x/common/source/F2806x_Spi.c"
Finished building: "C:/ti/c2000/C2000Ware_4_01_00_00/device_support/f2806x/common/source/F2806x_Spi.c"
 
Building file: "C:/ti/c2000/C2000Ware_4_01_00_00/device_support/f2806x/common/source/F2806x_SysCtrl.c"
Invoking: C2000 Compiler
"C:/ti/ccs1200/ccs/tools/compiler/ti-cgt-c2000_22.6.0.LTS/bin/cl2000" -v28 -ml -mt --cla_support=cla0 --float_support=fpu32 --vcu_support=vcu0 --include_path="C:/ti/ccs1200/ccs/tools/compiler/ti-cgt-c2000_22.6.0.LTS/include" --include_path="C:/ti/c2000/C2000Ware_4_01_00_00/device_support/f2806x/common/include" --include_path="C:/ti/c2000/C2000Ware_4_01_00_00/device_support/f2806x/headers/include" --include_path="C:/ti/c2000/C2000Ware_4_01_00_00/device_support/f2806x/headers/include" --include_path="C:/ti/c2000/C2000Ware_4_01_00_00/device_support/f2806x/common/include" --include_path="C:/ti/c2000/C2000Ware_4_01_00_00/libraries/math/IQmath/c28/include" --include_path="C:/ti/c2000/C2000Ware_4_01_00_00/libraries/math/FPUfastRTS/c28/include" --define="_DEBUG" --define="LARGE_MODEL" -g --diag_suppress=10063 --diag_warning=225 --issue_remarks --verbose_diagnostics --quiet --preproc_with_compile --preproc_dependency="include/common/source/F2806x_SysCtrl.d_raw" --obj_directory="include/common/source"  "C:/ti/c2000/C2000Ware_4_01_00_00/device_support/f2806x/common/source/F2806x_SysCtrl.c"
Finished building: "C:/ti/c2000/C2000Ware_4_01_00_00/device_support/f2806x/common/source/F2806x_SysCtrl.c"
 
Building file: "C:/ti/c2000/C2000Ware_4_01_00_00/device_support/f2806x/common/source/F2806x_TempSensorConv.c"
Invoking: C2000 Compiler
"C:/ti/ccs1200/ccs/tools/compiler/ti-cgt-c2000_22.6.0.LTS/bin/cl2000" -v28 -ml -mt --cla_support=cla0 --float_support=fpu32 --vcu_support=vcu0 --include_path="C:/ti/ccs1200/ccs/tools/compiler/ti-cgt-c2000_22.6.0.LTS/include" --include_path="C:/ti/c2000/C2000Ware_4_01_00_00/device_support/f2806x/common/include" --include_path="C:/ti/c2000/C2000Ware_4_01_00_00/device_support/f2806x/headers/include" --include_path="C:/ti/c2000/C2000Ware_4_01_00_00/device_support/f2806x/headers/include" --include_path="C:/ti/c2000/C2000Ware_4_01_00_00/device_support/f2806x/common/include" --include_path="C:/ti/c2000/C2000Ware_4_01_00_00/libraries/math/IQmath/c28/include" --include_path="C:/ti/c2000/C2000Ware_4_01_00_00/libraries/math/FPUfastRTS/c28/include" --define="_DEBUG" --define="LARGE_MODEL" -g --diag_suppress=10063 --diag_warning=225 --issue_remarks --verbose_diagnostics --quiet --preproc_with_compile --preproc_dependency="include/common/source/F2806x_TempSensorConv.d_raw" --obj_directory="include/common/source"  "C:/ti/c2000/C2000Ware_4_01_00_00/device_support/f2806x/common/source/F2806x_TempSensorConv.c"
Finished building: "C:/ti/c2000/C2000Ware_4_01_00_00/device_support/f2806x/common/source/F2806x_TempSensorConv.c"
 
Building file: "C:/ti/c2000/C2000Ware_4_01_00_00/device_support/f2806x/common/source/F2806x_usDelay.asm"
Invoking: C2000 Compiler
"C:/ti/ccs1200/ccs/tools/compiler/ti-cgt-c2000_22.6.0.LTS/bin/cl2000" -v28 -ml -mt --cla_support=cla0 --float_support=fpu32 --vcu_support=vcu0 --include_path="C:/ti/ccs1200/ccs/tools/compiler/ti-cgt-c2000_22.6.0.LTS/include" --include_path="C:/ti/c2000/C2000Ware_4_01_00_00/device_support/f2806x/common/include" --include_path="C:/ti/c2000/C2000Ware_4_01_00_00/device_support/f2806x/headers/include" --include_path="C:/ti/c2000/C2000Ware_4_01_00_00/device_support/f2806x/headers/include" --include_path="C:/ti/c2000/C2000Ware_4_01_00_00/device_support/f2806x/common/include" --include_path="C:/ti/c2000/C2000Ware_4_01_00_00/libraries/math/IQmath/c28/include" --include_path="C:/ti/c2000/C2000Ware_4_01_00_00/libraries/math/FPUfastRTS/c28/include" --define="_DEBUG" --define="LARGE_MODEL" -g --diag_suppress=10063 --diag_warning=225 --issue_remarks --verbose_diagnostics --quiet --preproc_with_compile --preproc_dependency="include/common/source/F2806x_usDelay.d_raw" --obj_directory="include/common/source"  "C:/ti/c2000/C2000Ware_4_01_00_00/device_support/f2806x/common/source/F2806x_usDelay.asm"
Finished building: "C:/ti/c2000/C2000Ware_4_01_00_00/device_support/f2806x/common/source/F2806x_usDelay.asm"
 
Building file: "C:/ti/c2000/C2000Ware_4_01_00_00/device_support/f2806x/headers/source/F2806x_GlobalVariableDefs.c"
Invoking: C2000 Compiler
"C:/ti/ccs1200/ccs/tools/compiler/ti-cgt-c2000_22.6.0.LTS/bin/cl2000" -v28 -ml -mt --cla_support=cla0 --float_support=fpu32 --vcu_support=vcu0 --include_path="C:/ti/ccs1200/ccs/tools/compiler/ti-cgt-c2000_22.6.0.LTS/include" --include_path="C:/ti/c2000/C2000Ware_4_01_00_00/device_support/f2806x/common/include" --include_path="C:/ti/c2000/C2000Ware_4_01_00_00/device_support/f2806x/headers/include" --include_path="C:/ti/c2000/C2000Ware_4_01_00_00/device_support/f2806x/headers/include" --include_path="C:/ti/c2000/C2000Ware_4_01_00_00/device_support/f2806x/common/include" --include_path="C:/ti/c2000/C2000Ware_4_01_00_00/libraries/math/IQmath/c28/include" --include_path="C:/ti/c2000/C2000Ware_4_01_00_00/libraries/math/FPUfastRTS/c28/include" --define="_DEBUG" --define="LARGE_MODEL" -g --diag_suppress=10063 --diag_warning=225 --issue_remarks --verbose_diagnostics --quiet --preproc_with_compile --preproc_dependency="include/headers/source/F2806x_GlobalVariableDefs.d_raw" --obj_directory="include/headers/source"  "C:/ti/c2000/C2000Ware_4_01_00_00/device_support/f2806x/headers/source/F2806x_GlobalVariableDefs.c"
Finished building: "C:/ti/c2000/C2000Ware_4_01_00_00/device_support/f2806x/headers/source/F2806x_GlobalVariableDefs.c"
 
Building target: "Example_2806xAdcSoc.out"
Invoking: C2000 Linker
"C:/ti/ccs1200/ccs/tools/compiler/ti-cgt-c2000_22.6.0.LTS/bin/cl2000" -v28 -ml -mt --cla_support=cla0 --float_support=fpu32 --vcu_support=vcu0 --define="_DEBUG" --define="LARGE_MODEL" -g --diag_suppress=10063 --diag_warning=225 --issue_remarks --verbose_diagnostics --quiet -z -m"Example_2806xAdcSoc.map" --stack_size=0x200 --warn_sections -i"C:/ti/ccs1200/ccs/tools/compiler/ti-cgt-c2000_22.6.0.LTS/lib" -i"C:/ti/ccs1200/ccs/tools/compiler/ti-cgt-c2000_22.6.0.LTS/include" -i"C:/ti/c2000/C2000Ware_4_01_00_00/device_support/f2806x/common/lib" -i"C:/ti/c2000/C2000Ware_4_01_00_00/libraries/math/IQmath/c28/lib" -i"C:/ti/c2000/C2000Ware_4_01_00_00/libraries/math/FPUfastRTS/c28/lib" --priority --reread_libs --issue_remarks --verbose_diagnostics --xml_link_info="Example_2806xAdcSoc_linkInfo.xml" --entry_point=code_start --rom_model -o "Example_2806xAdcSoc.out" -lrts2800_fpu32_fast_supplement.lib -lrts2800_fpu32.lib "./Example_2806xAdcSoc.obj" "./F2806x_Adc.obj" "./F2806x_CodeStartBranch.obj" "./F2806x_DefaultIsr.obj" "./F2806x_GlobalVariableDefs.obj" "./F2806x_PieCtrl.obj" "./F2806x_PieVect.obj" "./F2806x_SysCtrl.obj" "./F2806x_usDelay.obj" "./include/common/source/F2806x_Adc.obj" "./include/common/source/F2806x_CSMPasswords.obj" "./include/common/source/F2806x_CodeStartBranch.obj" "./include/common/source/F2806x_Comp.obj" "./include/common/source/F2806x_CpuTimers.obj" "./include/common/source/F2806x_DBGIER.obj" "./include/common/source/F2806x_DefaultIsr.obj" "./include/common/source/F2806x_DisInt.obj" "./include/common/source/F2806x_Dma.obj" "./include/common/source/F2806x_ECan.obj" "./include/common/source/F2806x_ECap.obj" "./include/common/source/F2806x_EPwm.obj" "./include/common/source/F2806x_EQep.obj" "./include/common/source/F2806x_Gpio.obj" "./include/common/source/F2806x_HRCap.obj" "./include/common/source/F2806x_I2C.obj" "./include/common/source/F2806x_Mcbsp.obj" "./include/common/source/F2806x_OscComp.obj" "./include/common/source/F2806x_PieCtrl.obj" "./include/common/source/F2806x_PieVect.obj" "./include/common/source/F2806x_Sci.obj" "./include/common/source/F2806x_Spi.obj" "./include/common/source/F2806x_SysCtrl.obj" "./include/common/source/F2806x_TempSensorConv.obj" "./include/common/source/F2806x_usDelay.obj" "./include/headers/source/F2806x_GlobalVariableDefs.obj" "C:/ti/c2000/C2000Ware_4_01_00_00/device_support/f2806x/common/cmd/28069_RAM_lnk.cmd" "C:/ti/c2000/C2000Ware_4_01_00_00/device_support/f2806x/headers/cmd/F2806x_Headers_nonBIOS.cmd"  -lIQmath_fpu32.lib 
remark: linking in "IQmath_fpu32_coff.lib" in place of index library
   "IQmath_fpu32.lib"
 
>> Compilation failure
makefile:183: recipe for target 'Example_2806xAdcSoc.out' failed
warning: cannot resolve archive
   C:/ti/c2000/C2000Ware_4_01_00_00/libraries/math/FPUfastRTS/c28/lib/rts2800_f
   pu32_fast_supplement.lib to a compatible library, as no input files have
   been encountered; build attribute information from input files is needed to
   determine library compatibility
error: symbol "_InitAdc" redefined: first defined in "./F2806x_Adc.obj";
   redefined in "./include/common/source/F2806x_Adc.obj"
error: symbol "_InitAdcAio" redefined: first defined in "./F2806x_Adc.obj";
   redefined in "./include/common/source/F2806x_Adc.obj"
error: symbol "_AdcOffsetSelfCal" redefined: first defined in
   "./F2806x_Adc.obj"; redefined in "./include/common/source/F2806x_Adc.obj"
error: symbol "_AdcChanSelect" redefined: first defined in "./F2806x_Adc.obj";
   redefined in "./include/common/source/F2806x_Adc.obj"
error: symbol "_AdcConversion" redefined: first defined in "./F2806x_Adc.obj";
   redefined in "./include/common/source/F2806x_Adc.obj"
error: symbol "code_start" redefined: first defined in
   "./F2806x_CodeStartBranch.obj"; redefined in
   "./include/common/source/F2806x_CodeStartBranch.obj"
error: symbol "_ILLEGAL_ISR" redefined: first defined in
   "./F2806x_DefaultIsr.obj"; redefined in
   "./include/common/source/F2806x_DefaultIsr.obj"
error: symbol "_EPWM8_INT_ISR" redefined: first defined in
   "./F2806x_DefaultIsr.obj"; redefined in
   "./include/common/source/F2806x_DefaultIsr.obj"
error: symbol "_USB0_INT_ISR" redefined: first defined in
   "./F2806x_DefaultIsr.obj"; redefined in
   "./include/common/source/F2806x_DefaultIsr.obj"
error: symbol "_EPWM6_INT_ISR" redefined: first defined in
   "./F2806x_DefaultIsr.obj"; redefined in
   "./include/common/source/F2806x_DefaultIsr.obj"
error: symbol "_ADCINT4_ISR" redefined: first defined in
   "./F2806x_DefaultIsr.obj"; redefined in
   "./include/common/source/F2806x_DefaultIsr.obj"
error: symbol "_DATALOG_ISR" redefined: first defined in
   "./F2806x_DefaultIsr.obj"; redefined in
   "./include/common/source/F2806x_DefaultIsr.obj"
error: symbol "_SPITXINTA_ISR" redefined: first defined in
   "./F2806x_DefaultIsr.obj"; redefined in
   "./include/common/source/F2806x_DefaultIsr.obj"
error: symbol "_SPIRXINTA_ISR" redefined: first defined in
   "./F2806x_DefaultIsr.obj"; redefined in
   "./include/common/source/F2806x_DefaultIsr.obj"
error: symbol "_DINTCH3_ISR" redefined: first defined in
   "./F2806x_DefaultIsr.obj"; redefined in
   "./include/common/source/F2806x_DefaultIsr.obj"
error: symbol "_ECAP3_INT_ISR" redefined: first defined in
   "./F2806x_DefaultIsr.obj"; redefined in
   "./include/common/source/F2806x_DefaultIsr.obj"
error: symbol "_INT13_ISR" redefined: first defined in
   "./F2806x_DefaultIsr.obj"; redefined in
   "./include/common/source/F2806x_DefaultIsr.obj"
error: symbol "_HRCAP4_INT_ISR" redefined: first defined in
   "./F2806x_DefaultIsr.obj"; redefined in
   "./include/common/source/F2806x_DefaultIsr.obj"
error: symbol "_ADCINT5_ISR" redefined: first defined in
   "./F2806x_DefaultIsr.obj"; redefined in
   "./include/common/source/F2806x_DefaultIsr.obj"
error: symbol "_MXINTA_ISR" redefined: first defined in
   "./F2806x_DefaultIsr.obj"; redefined in
   "./include/common/source/F2806x_DefaultIsr.obj"
error: symbol "_EPWM8_TZINT_ISR" redefined: first defined in
   "./F2806x_DefaultIsr.obj"; redefined in
   "./include/common/source/F2806x_DefaultIsr.obj"
error: symbol "_EPWM4_INT_ISR" redefined: first defined in
   "./F2806x_DefaultIsr.obj"; redefined in
   "./include/common/source/F2806x_DefaultIsr.obj"
error: symbol "_USER5_ISR" redefined: first defined in
   "./F2806x_DefaultIsr.obj"; redefined in
   "./include/common/source/F2806x_DefaultIsr.obj"
error: symbol "_CLA1_INT2_ISR" redefined: first defined in
   "./F2806x_DefaultIsr.obj"; redefined in
   "./include/common/source/F2806x_DefaultIsr.obj"
error: symbol "_EMPTY_ISR" redefined: first defined in
   "./F2806x_DefaultIsr.obj"; redefined in
   "./include/common/source/F2806x_DefaultIsr.obj"
error: symbol "_EPWM5_TZINT_ISR" redefined: first defined in
   "./F2806x_DefaultIsr.obj"; redefined in
   "./include/common/source/F2806x_DefaultIsr.obj"
error: symbol "_CLA1_INT8_ISR" redefined: first defined in
   "./F2806x_DefaultIsr.obj"; redefined in
   "./include/common/source/F2806x_DefaultIsr.obj"
error: symbol "_EPWM4_TZINT_ISR" redefined: first defined in
   "./F2806x_DefaultIsr.obj"; redefined in
   "./include/common/source/F2806x_DefaultIsr.obj"
error: symbol "_ECAN0INTA_ISR" redefined: first defined in
   "./F2806x_DefaultIsr.obj"; redefined in
   "./include/common/source/F2806x_DefaultIsr.obj"
error: symbol "_EPWM7_TZINT_ISR" redefined: first defined in
   "./F2806x_DefaultIsr.obj"; redefined in
   "./include/common/source/F2806x_DefaultIsr.obj"
error: symbol "_EPWM6_TZINT_ISR" redefined: first defined in
   "./F2806x_DefaultIsr.obj"; redefined in
   "./include/common/source/F2806x_DefaultIsr.obj"
error: symbol "_EMUINT_ISR" redefined: first defined in
   "./F2806x_DefaultIsr.obj"; redefined in
   "./include/common/source/F2806x_DefaultIsr.obj"
error: symbol "_ECAP1_INT_ISR" redefined: first defined in
   "./F2806x_DefaultIsr.obj"; redefined in
   "./include/common/source/F2806x_DefaultIsr.obj"
error: symbol "_EPWM1_TZINT_ISR" redefined: first defined in
   "./F2806x_DefaultIsr.obj"; redefined in
   "./include/common/source/F2806x_DefaultIsr.obj"
error: symbol "_ADCINT6_ISR" redefined: first defined in
   "./F2806x_DefaultIsr.obj"; redefined in
   "./include/common/source/F2806x_DefaultIsr.obj"
error: symbol "_EQEP2_INT_ISR" redefined: first defined in
   "./F2806x_DefaultIsr.obj"; redefined in
   "./include/common/source/F2806x_DefaultIsr.obj"
error: symbol "_HRCAP2_INT_ISR" redefined: first defined in
   "./F2806x_DefaultIsr.obj"; redefined in
   "./include/common/source/F2806x_DefaultIsr.obj"
error: symbol "_ADCINT8_ISR" redefined: first defined in
   "./F2806x_DefaultIsr.obj"; redefined in
   "./include/common/source/F2806x_DefaultIsr.obj"
error: symbol "_USER11_ISR" redefined: first defined in
   "./F2806x_DefaultIsr.obj"; redefined in
   "./include/common/source/F2806x_DefaultIsr.obj"
error: symbol "_EPWM3_TZINT_ISR" redefined: first defined in
   "./F2806x_DefaultIsr.obj"; redefined in
   "./include/common/source/F2806x_DefaultIsr.obj"
error: symbol "_USER4_ISR" redefined: first defined in
   "./F2806x_DefaultIsr.obj"; redefined in
   "./include/common/source/F2806x_DefaultIsr.obj"
error: symbol "_EPWM2_TZINT_ISR" redefined: first defined in
   "./F2806x_DefaultIsr.obj"; redefined in
   "./include/common/source/F2806x_DefaultIsr.obj"
error: symbol "_CLA1_INT3_ISR" redefined: first defined in
   "./F2806x_DefaultIsr.obj"; redefined in
   "./include/common/source/F2806x_DefaultIsr.obj"
error: symbol "_EPWM2_INT_ISR" redefined: first defined in
   "./F2806x_DefaultIsr.obj"; redefined in
   "./include/common/source/F2806x_DefaultIsr.obj"
error: symbol "_TINT0_ISR" redefined: first defined in
   "./F2806x_DefaultIsr.obj"; redefined in
   "./include/common/source/F2806x_DefaultIsr.obj"
error: symbol "_WAKEINT_ISR" redefined: first defined in
   "./F2806x_DefaultIsr.obj"; redefined in
   "./include/common/source/F2806x_DefaultIsr.obj"
error: symbol "_ADCINT7_ISR" redefined: first defined in
   "./F2806x_DefaultIsr.obj"; redefined in
   "./include/common/source/F2806x_DefaultIsr.obj"
error: symbol "_ADCINT9_ISR" redefined: first defined in
   "./F2806x_DefaultIsr.obj"; redefined in
   "./include/common/source/F2806x_DefaultIsr.obj"
error: symbol "_DINTCH4_ISR" redefined: first defined in
   "./F2806x_DefaultIsr.obj"; redefined in
   "./include/common/source/F2806x_DefaultIsr.obj"
error: symbol "_USER10_ISR" redefined: first defined in
   "./F2806x_DefaultIsr.obj"; redefined in
   "./include/common/source/F2806x_DefaultIsr.obj"
error: symbol "_USER7_ISR" redefined: first defined in
   "./F2806x_DefaultIsr.obj"; redefined in
   "./include/common/source/F2806x_DefaultIsr.obj"
error: symbol "_XINT1_ISR" redefined: first defined in
   "./F2806x_DefaultIsr.obj"; redefined in
   "./include/common/source/F2806x_DefaultIsr.obj"
error: symbol "_INT14_ISR" redefined: first defined in
   "./F2806x_DefaultIsr.obj"; redefined in
   "./include/common/source/F2806x_DefaultIsr.obj"
error: symbol "_EPWM7_INT_ISR" redefined: first defined in
   "./F2806x_DefaultIsr.obj"; redefined in
   "./include/common/source/F2806x_DefaultIsr.obj"
error: symbol "_DINTCH5_ISR" redefined: first defined in
   "./F2806x_DefaultIsr.obj"; redefined in
   "./include/common/source/F2806x_DefaultIsr.obj"
error: symbol "_USER6_ISR" redefined: first defined in
   "./F2806x_DefaultIsr.obj"; redefined in
   "./include/common/source/F2806x_DefaultIsr.obj"
error: symbol "_CLA1_INT1_ISR" redefined: first defined in
   "./F2806x_DefaultIsr.obj"; redefined in
   "./include/common/source/F2806x_DefaultIsr.obj"
error: symbol "_ADCINT1_ISR" redefined: first defined in
   "./F2806x_DefaultIsr.obj"; redefined in
   "./include/common/source/F2806x_DefaultIsr.obj"
error: symbol "_MRINTA_ISR" redefined: first defined in
   "./F2806x_DefaultIsr.obj"; redefined in
   "./include/common/source/F2806x_DefaultIsr.obj"
error: symbol "_DINTCH6_ISR" redefined: first defined in
   "./F2806x_DefaultIsr.obj"; redefined in
   "./include/common/source/F2806x_DefaultIsr.obj"
error: symbol "_USER12_ISR" redefined: first defined in
   "./F2806x_DefaultIsr.obj"; redefined in
   "./include/common/source/F2806x_DefaultIsr.obj"
error: symbol "_USER1_ISR" redefined: first defined in
   "./F2806x_DefaultIsr.obj"; redefined in
   "./include/common/source/F2806x_DefaultIsr.obj"
error: symbol "_XINT3_ISR" redefined: first defined in
   "./F2806x_DefaultIsr.obj"; redefined in
   "./include/common/source/F2806x_DefaultIsr.obj"
error: symbol "_CLA1_INT6_ISR" redefined: first defined in
   "./F2806x_DefaultIsr.obj"; redefined in
   "./include/common/source/F2806x_DefaultIsr.obj"
error: symbol "_EPWM5_INT_ISR" redefined: first defined in
   "./F2806x_DefaultIsr.obj"; redefined in
   "./include/common/source/F2806x_DefaultIsr.obj"
error: symbol "_NMI_ISR" redefined: first defined in "./F2806x_DefaultIsr.obj";
   redefined in "./include/common/source/F2806x_DefaultIsr.obj"
error: symbol "_SCITXINTB_ISR" redefined: first defined in
   "./F2806x_DefaultIsr.obj"; redefined in
   "./include/common/source/F2806x_DefaultIsr.obj"
error: symbol "_SCIRXINTB_ISR" redefined: first defined in
   "./F2806x_DefaultIsr.obj"; redefined in
   "./include/common/source/F2806x_DefaultIsr.obj"
error: symbol "_ECAN1INTA_ISR" redefined: first defined in
   "./F2806x_DefaultIsr.obj"; redefined in
   "./include/common/source/F2806x_DefaultIsr.obj"
error: symbol "_ADCINT2_ISR" redefined: first defined in
   "./F2806x_DefaultIsr.obj"; redefined in
   "./include/common/source/F2806x_DefaultIsr.obj"
error: symbol "_ECAP2_INT_ISR" redefined: first defined in
   "./F2806x_DefaultIsr.obj"; redefined in
   "./include/common/source/F2806x_DefaultIsr.obj"
error: symbol "_PIE_RESERVED" redefined: first defined in
   "./F2806x_DefaultIsr.obj"; redefined in
   "./include/common/source/F2806x_DefaultIsr.obj"
error: symbol "_I2CINT1A_ISR" redefined: first defined in
   "./F2806x_DefaultIsr.obj"; redefined in
   "./include/common/source/F2806x_DefaultIsr.obj"
error: symbol "_XINT2_ISR" redefined: first defined in
   "./F2806x_DefaultIsr.obj"; redefined in
   "./include/common/source/F2806x_DefaultIsr.obj"
error: symbol "_CLA1_INT7_ISR" redefined: first defined in
   "./F2806x_DefaultIsr.obj"; redefined in
   "./include/common/source/F2806x_DefaultIsr.obj"
error: symbol "_I2CINT2A_ISR" redefined: first defined in
   "./F2806x_DefaultIsr.obj"; redefined in
   "./include/common/source/F2806x_DefaultIsr.obj"
error: symbol "_RTOSINT_ISR" redefined: first defined in
   "./F2806x_DefaultIsr.obj"; redefined in
   "./include/common/source/F2806x_DefaultIsr.obj"
error: symbol "_EPWM3_INT_ISR" redefined: first defined in
   "./F2806x_DefaultIsr.obj"; redefined in
   "./include/common/source/F2806x_DefaultIsr.obj"
error: symbol "_ADCINT3_ISR" redefined: first defined in
   "./F2806x_DefaultIsr.obj"; redefined in
   "./include/common/source/F2806x_DefaultIsr.obj"
error: symbol "_SPITXINTB_ISR" redefined: first defined in
   "./F2806x_DefaultIsr.obj"; redefined in
   "./include/common/source/F2806x_DefaultIsr.obj"
error: symbol "_SPIRXINTB_ISR" redefined: first defined in
   "./F2806x_DefaultIsr.obj"; redefined in
   "./include/common/source/F2806x_DefaultIsr.obj"
error: symbol "_USER9_ISR" redefined: first defined in
   "./F2806x_DefaultIsr.obj"; redefined in
   "./include/common/source/F2806x_DefaultIsr.obj"
error: symbol "_USER3_ISR" redefined: first defined in
   "./F2806x_DefaultIsr.obj"; redefined in
   "./include/common/source/F2806x_DefaultIsr.obj"
error: symbol "_CLA1_INT4_ISR" redefined: first defined in
   "./F2806x_DefaultIsr.obj"; redefined in
   "./include/common/source/F2806x_DefaultIsr.obj"
error: symbol "_EQEP1_INT_ISR" redefined: first defined in
   "./F2806x_DefaultIsr.obj"; redefined in
   "./include/common/source/F2806x_DefaultIsr.obj"
error: symbol "_HRCAP3_INT_ISR" redefined: first defined in
   "./F2806x_DefaultIsr.obj"; redefined in
   "./include/common/source/F2806x_DefaultIsr.obj"
error: symbol "_DINTCH1_ISR" redefined: first defined in
   "./F2806x_DefaultIsr.obj"; redefined in
   "./include/common/source/F2806x_DefaultIsr.obj"
error: symbol "_USER8_ISR" redefined: first defined in
   "./F2806x_DefaultIsr.obj"; redefined in
   "./include/common/source/F2806x_DefaultIsr.obj"
error: symbol "_EPWM1_INT_ISR" redefined: first defined in
   "./F2806x_DefaultIsr.obj"; redefined in
   "./include/common/source/F2806x_DefaultIsr.obj"
error: symbol "_USER2_ISR" redefined: first defined in
   "./F2806x_DefaultIsr.obj"; redefined in
   "./include/common/source/F2806x_DefaultIsr.obj"
error: symbol "_CLA1_INT5_ISR" redefined: first defined in
   "./F2806x_DefaultIsr.obj"; redefined in
   "./include/common/source/F2806x_DefaultIsr.obj"
error: symbol "_LUF_ISR" redefined: first defined in "./F2806x_DefaultIsr.obj";
   redefined in "./include/common/source/F2806x_DefaultIsr.obj"
error: symbol "_LVF_ISR" redefined: first defined in "./F2806x_DefaultIsr.obj";
   redefined in "./include/common/source/F2806x_DefaultIsr.obj"
error: symbol "_SCITXINTA_ISR" redefined: first defined in
   "./F2806x_DefaultIsr.obj"; redefined in
   "./include/common/source/F2806x_DefaultIsr.obj"
error: symbol "_SCIRXINTA_ISR" redefined: first defined in
   "./F2806x_DefaultIsr.obj"; redefined in
   "./include/common/source/F2806x_DefaultIsr.obj"
error: symbol "_rsvd_ISR" redefined: first defined in
   "./F2806x_DefaultIsr.obj"; redefined in
   "./include/common/source/F2806x_DefaultIsr.obj"
error: symbol "_HRCAP1_INT_ISR" redefined: first defined in
   "./F2806x_DefaultIsr.obj"; redefined in
   "./include/common/source/F2806x_DefaultIsr.obj"
error: symbol "_DINTCH2_ISR" redefined: first defined in
   "./F2806x_DefaultIsr.obj"; redefined in
   "./include/common/source/F2806x_DefaultIsr.obj"
error: symbol "_InitPieCtrl" redefined: first defined in
   "./F2806x_PieCtrl.obj"; redefined in
   "./include/common/source/F2806x_PieCtrl.obj"
error: symbol "_EnableInterrupts" redefined: first defined in
   "./F2806x_PieCtrl.obj"; redefined in
   "./include/common/source/F2806x_PieCtrl.obj"
error: symbol "_PieVectTableInit" redefined: first defined in
   "./F2806x_PieVect.obj"; redefined in
   "./include/common/source/F2806x_PieVect.obj"
fatal error: error limit reached; 100 errors detected
gmake: *** [Example_2806xAdcSoc.out] Error 1
gmake: Target 'all' not remade because of errors.

**** Build Finished ****
